<?xml version="1.0" encoding="UTF-8"?>
<!-- Generated by org.testng.reporters.JUnitReportReporter -->
<testsuite hostname="Graces-MBP.hsd1.pa.comcast.net" failures="0" tests="1" name="Academy.E2Eframeworkproject.validateNavigationBar" time="4.793" errors="0" timestamp="2020-10-27T12:08:15 EDT" skipped="0">
  <testcase classname="Academy.E2Eframeworkproject.validateNavigationBar" name="basePageNavigation" time="4.793"/>
  <system-out/>
</testsuite> <!-- Academy.E2Eframeworkproject.validateNavigationBar -->
